Analysis & Synthesis report for main
Mon Oct 29 13:08:29 2018
Quartus II 64-Bit Version 13.0.0 Build 156 04/24/2013 SJ Web Edition


---------------------
; Table of Contents ;
---------------------
  1. Legal Notice
  2. Analysis & Synthesis Summary
  3. Analysis & Synthesis Settings
  4. Parallel Compilation
  5. Analysis & Synthesis Source Files Read
  6. Analysis & Synthesis Resource Usage Summary
  7. Analysis & Synthesis Resource Utilization by Entity
  8. Registers Removed During Synthesis
  9. Removed Registers Triggering Further Register Optimizations
 10. General Register Statistics
 11. Port Connectivity Checks: "Forwarding:Forwarding_test"
 12. Port Connectivity Checks: "Add:PC_Add_Offset"
 13. Port Connectivity Checks: "Add:Add_test"
 14. Port Connectivity Checks: "ALU:ALU_test"
 15. Port Connectivity Checks: "MUX10:ControlStall"
 16. Elapsed Time Per Partition
 17. Analysis & Synthesis Messages
 18. Analysis & Synthesis Suppressed Messages



----------------
; Legal Notice ;
----------------
Copyright (C) 1991-2013 Altera Corporation
Your use of Altera Corporation's design tools, logic functions 
and other software and tools, and its AMPP partner logic 
functions, and any output files from any of the foregoing 
(including device programming or simulation files), and any 
associated documentation or information are expressly subject 
to the terms and conditions of the Altera Program License 
Subscription Agreement, Altera MegaCore Function License 
Agreement, or other applicable license agreement, including, 
without limitation, that your use is for the sole purpose of 
programming logic devices manufactured by Altera and sold by 
Altera or its authorized distributors.  Please refer to the 
applicable agreement for further details.



+---------------------------------------------------------------------------------+
; Analysis & Synthesis Summary                                                    ;
+------------------------------------+--------------------------------------------+
; Analysis & Synthesis Status        ; Successful - Mon Oct 29 13:08:29 2018      ;
; Quartus II 64-Bit Version          ; 13.0.0 Build 156 04/24/2013 SJ Web Edition ;
; Revision Name                      ; main                                       ;
; Top-level Entity Name              ; main                                       ;
; Family                             ; Cyclone IV E                               ;
; Total logic elements               ; 56                                         ;
;     Total combinational functions  ; 56                                         ;
;     Dedicated logic registers      ; 33                                         ;
; Total registers                    ; 33                                         ;
; Total pins                         ; 12                                         ;
; Total virtual pins                 ; 0                                          ;
; Total memory bits                  ; 0                                          ;
; Embedded Multiplier 9-bit elements ; 0                                          ;
; Total PLLs                         ; 0                                          ;
+------------------------------------+--------------------------------------------+


+----------------------------------------------------------------------------------------------------------------------+
; Analysis & Synthesis Settings                                                                                        ;
+----------------------------------------------------------------------------+--------------------+--------------------+
; Option                                                                     ; Setting            ; Default Value      ;
+----------------------------------------------------------------------------+--------------------+--------------------+
; Device                                                                     ; EP4CE115F29C7      ;                    ;
; Top-level entity name                                                      ; main               ; main               ;
; Family name                                                                ; Cyclone IV E       ; Cyclone IV GX      ;
; Use smart compilation                                                      ; Off                ; Off                ;
; Enable parallel Assembler and TimeQuest Timing Analyzer during compilation ; On                 ; On                 ;
; Enable compact report table                                                ; Off                ; Off                ;
; Restructure Multiplexers                                                   ; Auto               ; Auto               ;
; Create Debugging Nodes for IP Cores                                        ; Off                ; Off                ;
; Preserve fewer node names                                                  ; On                 ; On                 ;
; Disable OpenCore Plus hardware evaluation                                  ; Off                ; Off                ;
; Verilog Version                                                            ; Verilog_2001       ; Verilog_2001       ;
; VHDL Version                                                               ; VHDL_1993          ; VHDL_1993          ;
; State Machine Processing                                                   ; Auto               ; Auto               ;
; Safe State Machine                                                         ; Off                ; Off                ;
; Extract Verilog State Machines                                             ; On                 ; On                 ;
; Extract VHDL State Machines                                                ; On                 ; On                 ;
; Ignore Verilog initial constructs                                          ; Off                ; Off                ;
; Iteration limit for constant Verilog loops                                 ; 5000               ; 5000               ;
; Iteration limit for non-constant Verilog loops                             ; 250                ; 250                ;
; Add Pass-Through Logic to Inferred RAMs                                    ; On                 ; On                 ;
; Infer RAMs from Raw Logic                                                  ; On                 ; On                 ;
; Parallel Synthesis                                                         ; On                 ; On                 ;
; DSP Block Balancing                                                        ; Auto               ; Auto               ;
; NOT Gate Push-Back                                                         ; On                 ; On                 ;
; Power-Up Don't Care                                                        ; On                 ; On                 ;
; Remove Redundant Logic Cells                                               ; Off                ; Off                ;
; Remove Duplicate Registers                                                 ; On                 ; On                 ;
; Ignore CARRY Buffers                                                       ; Off                ; Off                ;
; Ignore CASCADE Buffers                                                     ; Off                ; Off                ;
; Ignore GLOBAL Buffers                                                      ; Off                ; Off                ;
; Ignore ROW GLOBAL Buffers                                                  ; Off                ; Off                ;
; Ignore LCELL Buffers                                                       ; Off                ; Off                ;
; Ignore SOFT Buffers                                                        ; On                 ; On                 ;
; Limit AHDL Integers to 32 Bits                                             ; Off                ; Off                ;
; Optimization Technique                                                     ; Balanced           ; Balanced           ;
; Carry Chain Length                                                         ; 70                 ; 70                 ;
; Auto Carry Chains                                                          ; On                 ; On                 ;
; Auto Open-Drain Pins                                                       ; On                 ; On                 ;
; Perform WYSIWYG Primitive Resynthesis                                      ; Off                ; Off                ;
; Auto ROM Replacement                                                       ; On                 ; On                 ;
; Auto RAM Replacement                                                       ; On                 ; On                 ;
; Auto DSP Block Replacement                                                 ; On                 ; On                 ;
; Auto Shift Register Replacement                                            ; Auto               ; Auto               ;
; Allow Shift Register Merging across Hierarchies                            ; Auto               ; Auto               ;
; Auto Clock Enable Replacement                                              ; On                 ; On                 ;
; Strict RAM Replacement                                                     ; Off                ; Off                ;
; Allow Synchronous Control Signals                                          ; On                 ; On                 ;
; Force Use of Synchronous Clear Signals                                     ; Off                ; Off                ;
; Auto RAM Block Balancing                                                   ; On                 ; On                 ;
; Auto RAM to Logic Cell Conversion                                          ; Off                ; Off                ;
; Auto Resource Sharing                                                      ; Off                ; Off                ;
; Allow Any RAM Size For Recognition                                         ; Off                ; Off                ;
; Allow Any ROM Size For Recognition                                         ; Off                ; Off                ;
; Allow Any Shift Register Size For Recognition                              ; Off                ; Off                ;
; Use LogicLock Constraints during Resource Balancing                        ; On                 ; On                 ;
; Ignore translate_off and synthesis_off directives                          ; Off                ; Off                ;
; Timing-Driven Synthesis                                                    ; On                 ; On                 ;
; Report Parameter Settings                                                  ; On                 ; On                 ;
; Report Source Assignments                                                  ; On                 ; On                 ;
; Report Connectivity Checks                                                 ; On                 ; On                 ;
; Ignore Maximum Fan-Out Assignments                                         ; Off                ; Off                ;
; Synchronization Register Chain Length                                      ; 2                  ; 2                  ;
; PowerPlay Power Optimization                                               ; Normal compilation ; Normal compilation ;
; HDL message level                                                          ; Level2             ; Level2             ;
; Suppress Register Optimization Related Messages                            ; Off                ; Off                ;
; Number of Removed Registers Reported in Synthesis Report                   ; 5000               ; 5000               ;
; Number of Swept Nodes Reported in Synthesis Report                         ; 5000               ; 5000               ;
; Number of Inverted Registers Reported in Synthesis Report                  ; 100                ; 100                ;
; Clock MUX Protection                                                       ; On                 ; On                 ;
; Auto Gated Clock Conversion                                                ; Off                ; Off                ;
; Block Design Naming                                                        ; Auto               ; Auto               ;
; SDC constraint protection                                                  ; Off                ; Off                ;
; Synthesis Effort                                                           ; Auto               ; Auto               ;
; Shift Register Replacement - Allow Asynchronous Clear Signal               ; On                 ; On                 ;
; Pre-Mapping Resynthesis Optimization                                       ; Off                ; Off                ;
; Analysis & Synthesis Message Level                                         ; Medium             ; Medium             ;
; Disable Register Merging Across Hierarchies                                ; Auto               ; Auto               ;
; Resource Aware Inference For Block RAM                                     ; On                 ; On                 ;
; Synthesis Seed                                                             ; 1                  ; 1                  ;
+----------------------------------------------------------------------------+--------------------+--------------------+


Parallel compilation was disabled, but you have multiple processors available. Enable parallel compilation to reduce compilation time.
+-------------------------------------+
; Parallel Compilation                ;
+----------------------------+--------+
; Processors                 ; Number ;
+----------------------------+--------+
; Number detected on machine ; 8      ;
; Maximum allowed            ; 1      ;
+----------------------------+--------+


+----------------------------------------------------------------------------------------------------------------------------------------------------------------------+
; Analysis & Synthesis Source Files Read                                                                                                                               ;
+----------------------------------+-----------------+------------------------+------------------------------------------------------------------------------+---------+
; File Name with User-Entered Path ; Used in Netlist ; File Type              ; File Name with Absolute Path                                                 ; Library ;
+----------------------------------+-----------------+------------------------+------------------------------------------------------------------------------+---------+
; mipsP.v                          ; yes             ; User Verilog HDL File  ; C:/Users/Luis Carlos/Desktop/ViniciusFurlan-1785-AntonioAlmeida-2632/mipsP.v ;         ;
+----------------------------------+-----------------+------------------------+------------------------------------------------------------------------------+---------+


+---------------------------------------------------------+
; Analysis & Synthesis Resource Usage Summary             ;
+---------------------------------------------+-----------+
; Resource                                    ; Usage     ;
+---------------------------------------------+-----------+
; Estimated Total logic elements              ; 56        ;
;                                             ;           ;
; Total combinational functions               ; 56        ;
; Logic element usage by number of LUT inputs ;           ;
;     -- 4 input functions                    ; 10        ;
;     -- 3 input functions                    ; 0         ;
;     -- <=2 input functions                  ; 46        ;
;                                             ;           ;
; Logic elements by mode                      ;           ;
;     -- normal mode                          ; 25        ;
;     -- arithmetic mode                      ; 31        ;
;                                             ;           ;
; Total registers                             ; 33        ;
;     -- Dedicated logic registers            ; 33        ;
;     -- I/O registers                        ; 0         ;
;                                             ;           ;
; I/O pins                                    ; 12        ;
; Embedded Multiplier 9-bit elements          ; 0         ;
; Maximum fan-out node                        ; clk~input ;
; Maximum fan-out                             ; 33        ;
; Total fan-out                               ; 210       ;
; Average fan-out                             ; 1.86      ;
+---------------------------------------------+-----------+


+-----------------------------------------------------------------------------------------------------------------------------------------------------------------------------------------------------------------+
; Analysis & Synthesis Resource Utilization by Entity                                                                                                                                                             ;
+------------------------------------------+-------------------+--------------+-------------+--------------+---------+-----------+------+--------------+-------------------------------------------+--------------+
; Compilation Hierarchy Node               ; LC Combinationals ; LC Registers ; Memory Bits ; DSP Elements ; DSP 9x9 ; DSP 18x18 ; Pins ; Virtual Pins ; Full Hierarchy Name                       ; Library Name ;
+------------------------------------------+-------------------+--------------+-------------+--------------+---------+-----------+------+--------------+-------------------------------------------+--------------+
; |main                                    ; 56 (0)            ; 33 (0)       ; 0           ; 0            ; 0       ; 0         ; 12   ; 0            ; |main                                     ;              ;
;    |divisorFrequencia:divisorFrequencia| ; 56 (56)           ; 33 (33)      ; 0           ; 0            ; 0       ; 0         ; 0    ; 0            ; |main|divisorFrequencia:divisorFrequencia ;              ;
+------------------------------------------+-------------------+--------------+-------------+--------------+---------+-----------+------+--------------+-------------------------------------------+--------------+
Note: For table entries with two numbers listed, the numbers in parentheses indicate the number of resources of the given type used by the specific entity alone. The numbers listed outside of parentheses indicate the total resources of the given type used by the specific entity and all of its sub-entities in the hierarchy.


+-------------------------------------------------------------------------------------------------+
; Registers Removed During Synthesis                                                              ;
+----------------------------------------------------------+--------------------------------------+
; Register name                                            ; Reason for Removal                   ;
+----------------------------------------------------------+--------------------------------------+
; MEMWB:MEMWB_test|WBregister_out[0]                       ; Stuck at GND due to stuck port clear ;
; MEMWB:MEMWB_test|RegWrite_out                            ; Stuck at GND due to stuck port clear ;
; MEMWB:MEMWB_test|MemtoReg_out                            ; Stuck at GND due to stuck port clear ;
; EX_MEM:EX_MEM_test|MemtoReg_out                          ; Lost fanout                          ;
; MEMWB:MEMWB_test|MemData_out[31]                         ; Stuck at GND due to stuck port clear ;
; DataMemory:DataMemory_test|Data_out[31]                  ; Lost fanout                          ;
; MEMWB:MEMWB_test|MemData_out[30]                         ; Stuck at GND due to stuck port clear ;
; DataMemory:DataMemory_test|Data_out[30]                  ; Lost fanout                          ;
; MEMWB:MEMWB_test|MemData_out[29]                         ; Stuck at GND due to stuck port clear ;
; DataMemory:DataMemory_test|Data_out[29]                  ; Lost fanout                          ;
; MEMWB:MEMWB_test|MemData_out[28]                         ; Stuck at GND due to stuck port clear ;
; DataMemory:DataMemory_test|Data_out[28]                  ; Lost fanout                          ;
; MEMWB:MEMWB_test|MemData_out[27]                         ; Stuck at GND due to stuck port clear ;
; DataMemory:DataMemory_test|Data_out[27]                  ; Lost fanout                          ;
; MEMWB:MEMWB_test|MemData_out[26]                         ; Stuck at GND due to stuck port clear ;
; DataMemory:DataMemory_test|Data_out[26]                  ; Lost fanout                          ;
; MEMWB:MEMWB_test|MemData_out[25]                         ; Stuck at GND due to stuck port clear ;
; DataMemory:DataMemory_test|Data_out[25]                  ; Lost fanout                          ;
; MEMWB:MEMWB_test|MemData_out[24]                         ; Stuck at GND due to stuck port clear ;
; DataMemory:DataMemory_test|Data_out[24]                  ; Lost fanout                          ;
; MEMWB:MEMWB_test|MemData_out[23]                         ; Stuck at GND due to stuck port clear ;
; DataMemory:DataMemory_test|Data_out[23]                  ; Lost fanout                          ;
; MEMWB:MEMWB_test|MemData_out[22]                         ; Stuck at GND due to stuck port clear ;
; DataMemory:DataMemory_test|Data_out[22]                  ; Lost fanout                          ;
; MEMWB:MEMWB_test|MemData_out[21]                         ; Stuck at GND due to stuck port clear ;
; DataMemory:DataMemory_test|Data_out[21]                  ; Lost fanout                          ;
; MEMWB:MEMWB_test|MemData_out[20]                         ; Stuck at GND due to stuck port clear ;
; DataMemory:DataMemory_test|Data_out[20]                  ; Lost fanout                          ;
; MEMWB:MEMWB_test|MemData_out[19]                         ; Stuck at GND due to stuck port clear ;
; DataMemory:DataMemory_test|Data_out[19]                  ; Lost fanout                          ;
; MEMWB:MEMWB_test|MemData_out[18]                         ; Stuck at GND due to stuck port clear ;
; DataMemory:DataMemory_test|Data_out[18]                  ; Lost fanout                          ;
; MEMWB:MEMWB_test|MemData_out[17]                         ; Stuck at GND due to stuck port clear ;
; DataMemory:DataMemory_test|Data_out[17]                  ; Lost fanout                          ;
; MEMWB:MEMWB_test|MemData_out[16]                         ; Stuck at GND due to stuck port clear ;
; DataMemory:DataMemory_test|Data_out[16]                  ; Lost fanout                          ;
; MEMWB:MEMWB_test|MemData_out[15]                         ; Stuck at GND due to stuck port clear ;
; DataMemory:DataMemory_test|Data_out[15]                  ; Lost fanout                          ;
; MEMWB:MEMWB_test|MemData_out[14]                         ; Stuck at GND due to stuck port clear ;
; DataMemory:DataMemory_test|Data_out[14]                  ; Lost fanout                          ;
; MEMWB:MEMWB_test|MemData_out[13]                         ; Stuck at GND due to stuck port clear ;
; DataMemory:DataMemory_test|Data_out[13]                  ; Lost fanout                          ;
; MEMWB:MEMWB_test|MemData_out[12]                         ; Stuck at GND due to stuck port clear ;
; DataMemory:DataMemory_test|Data_out[12]                  ; Lost fanout                          ;
; MEMWB:MEMWB_test|MemData_out[11]                         ; Stuck at GND due to stuck port clear ;
; DataMemory:DataMemory_test|Data_out[11]                  ; Lost fanout                          ;
; MEMWB:MEMWB_test|MemData_out[10]                         ; Stuck at GND due to stuck port clear ;
; DataMemory:DataMemory_test|Data_out[10]                  ; Lost fanout                          ;
; MEMWB:MEMWB_test|MemData_out[9]                          ; Stuck at GND due to stuck port clear ;
; DataMemory:DataMemory_test|Data_out[9]                   ; Lost fanout                          ;
; MEMWB:MEMWB_test|MemData_out[8]                          ; Stuck at GND due to stuck port clear ;
; DataMemory:DataMemory_test|Data_out[8]                   ; Lost fanout                          ;
; MEMWB:MEMWB_test|MemData_out[7]                          ; Stuck at GND due to stuck port clear ;
; DataMemory:DataMemory_test|Data_out[7]                   ; Lost fanout                          ;
; MEMWB:MEMWB_test|MemData_out[6]                          ; Stuck at GND due to stuck port clear ;
; DataMemory:DataMemory_test|Data_out[6]                   ; Lost fanout                          ;
; MEMWB:MEMWB_test|MemData_out[5]                          ; Stuck at GND due to stuck port clear ;
; DataMemory:DataMemory_test|Data_out[5]                   ; Lost fanout                          ;
; MEMWB:MEMWB_test|MemData_out[4]                          ; Stuck at GND due to stuck port clear ;
; DataMemory:DataMemory_test|Data_out[4]                   ; Lost fanout                          ;
; MEMWB:MEMWB_test|MemData_out[3]                          ; Stuck at GND due to stuck port clear ;
; DataMemory:DataMemory_test|Data_out[3]                   ; Lost fanout                          ;
; MEMWB:MEMWB_test|MemData_out[2]                          ; Stuck at GND due to stuck port clear ;
; DataMemory:DataMemory_test|Data_out[2]                   ; Lost fanout                          ;
; MEMWB:MEMWB_test|MemData_out[1]                          ; Stuck at GND due to stuck port clear ;
; DataMemory:DataMemory_test|Data_out[1]                   ; Lost fanout                          ;
; MEMWB:MEMWB_test|MemData_out[0]                          ; Stuck at GND due to stuck port clear ;
; DataMemory:DataMemory_test|Data_out[0]                   ; Lost fanout                          ;
; EX_MEM:EX_MEM_test|MemWriteData_out[0..31]               ; Lost fanout                          ;
; EX_MEM:EX_MEM_test|MemWrite_out                          ; Lost fanout                          ;
; IDEX:IDEX|MemWrite_out                                   ; Lost fanout                          ;
; EX_MEM:EX_MEM_test|MemRead_out                           ; Lost fanout                          ;
; MEMWB:MEMWB_test|ALUData_out[0..31]                      ; Stuck at GND due to stuck port clear ;
; MEMWB:MEMWB_test|WBregister_out[1..4]                    ; Stuck at GND due to stuck port clear ;
; EX_MEM:EX_MEM_test|WBregister_out[0]                     ; Stuck at GND due to stuck port clear ;
; EX_MEM:EX_MEM_test|RegWrite_out                          ; Stuck at GND due to stuck port clear ;
; EX_MEM:EX_MEM_test|ALUData_out[0..31]                    ; Stuck at GND due to stuck port clear ;
; EX_MEM:EX_MEM_test|WBregister_out[1..4]                  ; Stuck at GND due to stuck port clear ;
; IDEX:IDEX|instr_Rd_addr_out[0]                           ; Stuck at GND due to stuck port clear ;
; IDEX:IDEX|RegWrite_out                                   ; Stuck at GND due to stuck port clear ;
; IDEX:IDEX|MemtoReg_out                                   ; Stuck at GND due to stuck port clear ;
; IDEX:IDEX|MemRead_out                                    ; Stuck at GND due to stuck port clear ;
; IDEX:IDEX|ALUSrc_out                                     ; Stuck at GND due to stuck port clear ;
; IDEX:IDEX|ALUOp_out[0..2]                                ; Stuck at GND due to stuck port clear ;
; IDEX:IDEX|RegDst_out                                     ; Stuck at GND due to stuck port clear ;
; IDEX:IDEX|RegRsData_out[0..31]                           ; Stuck at GND due to stuck port clear ;
; IDEX:IDEX|RegRtData_out[0..31]                           ; Stuck at GND due to stuck port clear ;
; IDEX:IDEX|Immediate_out[0..31]                           ; Stuck at GND due to stuck port clear ;
; IDEX:IDEX|instr_Rs_addr_out[0..4]                        ; Stuck at GND due to stuck port clear ;
; IDEX:IDEX|instr_Rt_addr_out[0..4]                        ; Stuck at GND due to stuck port clear ;
; IDEX:IDEX|instr_Rd_addr_out[1..4]                        ; Stuck at GND due to stuck port clear ;
; PC:PC|PCout[0..31]                                       ; Stuck at GND due to stuck port clear ;
; IFID:IFID_test|PC_4_out[0..31]                           ; Lost fanout                          ;
; IFID:IFID_test|instr_out[15]                             ; Lost fanout                          ;
; InstructionMemory:InstructionMemory_test|Instruction[15] ; Lost fanout                          ;
; IFID:IFID_test|instr_out[14]                             ; Lost fanout                          ;
; InstructionMemory:InstructionMemory_test|Instruction[14] ; Lost fanout                          ;
; IFID:IFID_test|instr_out[13]                             ; Lost fanout                          ;
; InstructionMemory:InstructionMemory_test|Instruction[13] ; Lost fanout                          ;
; IFID:IFID_test|instr_out[12]                             ; Lost fanout                          ;
; InstructionMemory:InstructionMemory_test|Instruction[12] ; Lost fanout                          ;
; IFID:IFID_test|instr_out[11]                             ; Lost fanout                          ;
; InstructionMemory:InstructionMemory_test|Instruction[11] ; Lost fanout                          ;
; IFID:IFID_test|instr_out[10]                             ; Lost fanout                          ;
; InstructionMemory:InstructionMemory_test|Instruction[10] ; Lost fanout                          ;
; IFID:IFID_test|instr_out[9]                              ; Lost fanout                          ;
; InstructionMemory:InstructionMemory_test|Instruction[9]  ; Lost fanout                          ;
; IFID:IFID_test|instr_out[8]                              ; Lost fanout                          ;
; InstructionMemory:InstructionMemory_test|Instruction[8]  ; Lost fanout                          ;
; IFID:IFID_test|instr_out[7]                              ; Lost fanout                          ;
; InstructionMemory:InstructionMemory_test|Instruction[7]  ; Lost fanout                          ;
; IFID:IFID_test|instr_out[6]                              ; Lost fanout                          ;
; InstructionMemory:InstructionMemory_test|Instruction[6]  ; Lost fanout                          ;
; IFID:IFID_test|instr_out[5]                              ; Lost fanout                          ;
; InstructionMemory:InstructionMemory_test|Instruction[5]  ; Lost fanout                          ;
; IFID:IFID_test|instr_out[4]                              ; Lost fanout                          ;
; InstructionMemory:InstructionMemory_test|Instruction[4]  ; Lost fanout                          ;
; IFID:IFID_test|instr_out[3]                              ; Lost fanout                          ;
; InstructionMemory:InstructionMemory_test|Instruction[3]  ; Lost fanout                          ;
; IFID:IFID_test|instr_out[2]                              ; Lost fanout                          ;
; InstructionMemory:InstructionMemory_test|Instruction[2]  ; Lost fanout                          ;
; IFID:IFID_test|instr_out[1]                              ; Lost fanout                          ;
; InstructionMemory:InstructionMemory_test|Instruction[1]  ; Lost fanout                          ;
; IFID:IFID_test|instr_out[0]                              ; Lost fanout                          ;
; InstructionMemory:InstructionMemory_test|Instruction[0]  ; Lost fanout                          ;
; IFID:IFID_test|instr_out[31]                             ; Stuck at GND due to stuck port clear ;
; InstructionMemory:InstructionMemory_test|Instruction[31] ; Lost fanout                          ;
; IFID:IFID_test|instr_out[30]                             ; Stuck at GND due to stuck port clear ;
; InstructionMemory:InstructionMemory_test|Instruction[30] ; Lost fanout                          ;
; IFID:IFID_test|instr_out[29]                             ; Stuck at GND due to stuck port clear ;
; InstructionMemory:InstructionMemory_test|Instruction[29] ; Lost fanout                          ;
; IFID:IFID_test|instr_out[28]                             ; Stuck at GND due to stuck port clear ;
; InstructionMemory:InstructionMemory_test|Instruction[28] ; Lost fanout                          ;
; IFID:IFID_test|instr_out[27]                             ; Stuck at GND due to stuck port clear ;
; InstructionMemory:InstructionMemory_test|Instruction[27] ; Lost fanout                          ;
; IFID:IFID_test|instr_out[26]                             ; Stuck at GND due to stuck port clear ;
; InstructionMemory:InstructionMemory_test|Instruction[26] ; Lost fanout                          ;
; IFID:IFID_test|instr_out[25]                             ; Stuck at GND due to stuck port clear ;
; InstructionMemory:InstructionMemory_test|Instruction[25] ; Lost fanout                          ;
; IFID:IFID_test|instr_out[24]                             ; Stuck at GND due to stuck port clear ;
; InstructionMemory:InstructionMemory_test|Instruction[24] ; Lost fanout                          ;
; IFID:IFID_test|instr_out[23]                             ; Stuck at GND due to stuck port clear ;
; InstructionMemory:InstructionMemory_test|Instruction[23] ; Lost fanout                          ;
; IFID:IFID_test|instr_out[22]                             ; Stuck at GND due to stuck port clear ;
; InstructionMemory:InstructionMemory_test|Instruction[22] ; Lost fanout                          ;
; IFID:IFID_test|instr_out[21]                             ; Stuck at GND due to stuck port clear ;
; InstructionMemory:InstructionMemory_test|Instruction[21] ; Lost fanout                          ;
; IFID:IFID_test|instr_out[20]                             ; Stuck at GND due to stuck port clear ;
; InstructionMemory:InstructionMemory_test|Instruction[20] ; Lost fanout                          ;
; IFID:IFID_test|instr_out[19]                             ; Stuck at GND due to stuck port clear ;
; InstructionMemory:InstructionMemory_test|Instruction[19] ; Lost fanout                          ;
; IFID:IFID_test|instr_out[18]                             ; Stuck at GND due to stuck port clear ;
; InstructionMemory:InstructionMemory_test|Instruction[18] ; Lost fanout                          ;
; IFID:IFID_test|instr_out[17]                             ; Stuck at GND due to stuck port clear ;
; InstructionMemory:InstructionMemory_test|Instruction[17] ; Lost fanout                          ;
; IFID:IFID_test|instr_out[16]                             ; Stuck at GND due to stuck port clear ;
; InstructionMemory:InstructionMemory_test|Instruction[16] ; Lost fanout                          ;
; HazardDetection:HazardDetection_test|Stall               ; Lost fanout                          ;
; HazardDetection:HazardDetection_test|Stall2              ; Lost fanout                          ;
; Total Number of Removed Registers = 426                  ;                                      ;
+----------------------------------------------------------+--------------------------------------+


+-------------------------------------------------------------------------------------------------------------------------------------------------------+
; Removed Registers Triggering Further Register Optimizations                                                                                           ;
+--------------------------------------+-------------------------+--------------------------------------------------------------------------------------+
; Register name                        ; Reason for Removal      ; Registers Removed due to This Register                                               ;
+--------------------------------------+-------------------------+--------------------------------------------------------------------------------------+
; MEMWB:MEMWB_test|WBregister_out[0]   ; Stuck at GND            ; IDEX:IDEX|RegRsData_out[7], IDEX:IDEX|RegRsData_out[6], IDEX:IDEX|RegRsData_out[5],  ;
;                                      ; due to stuck port clear ; IDEX:IDEX|RegRsData_out[4], IDEX:IDEX|RegRsData_out[3], IDEX:IDEX|RegRsData_out[2],  ;
;                                      ;                         ; IDEX:IDEX|RegRsData_out[1], IDEX:IDEX|RegRsData_out[0], PC:PC|PCout[0],              ;
;                                      ;                         ; PC:PC|PCout[31], PC:PC|PCout[30], PC:PC|PCout[29], PC:PC|PCout[28], PC:PC|PCout[27], ;
;                                      ;                         ; PC:PC|PCout[26], PC:PC|PCout[25], PC:PC|PCout[24], PC:PC|PCout[23], PC:PC|PCout[22], ;
;                                      ;                         ; PC:PC|PCout[21], PC:PC|PCout[20], PC:PC|PCout[19], PC:PC|PCout[18], PC:PC|PCout[17], ;
;                                      ;                         ; PC:PC|PCout[16], PC:PC|PCout[15], PC:PC|PCout[14], PC:PC|PCout[13], PC:PC|PCout[12], ;
;                                      ;                         ; PC:PC|PCout[11], PC:PC|PCout[10], PC:PC|PCout[9], PC:PC|PCout[8], PC:PC|PCout[7],    ;
;                                      ;                         ; PC:PC|PCout[6], PC:PC|PCout[5], PC:PC|PCout[4], PC:PC|PCout[3], PC:PC|PCout[2],      ;
;                                      ;                         ; PC:PC|PCout[1], IFID:IFID_test|PC_4_out[28], IFID:IFID_test|PC_4_out[27],            ;
;                                      ;                         ; IFID:IFID_test|PC_4_out[26],                                                         ;
;                                      ;                         ; InstructionMemory:InstructionMemory_test|Instruction[15],                            ;
;                                      ;                         ; InstructionMemory:InstructionMemory_test|Instruction[14],                            ;
;                                      ;                         ; InstructionMemory:InstructionMemory_test|Instruction[13],                            ;
;                                      ;                         ; InstructionMemory:InstructionMemory_test|Instruction[12],                            ;
;                                      ;                         ; InstructionMemory:InstructionMemory_test|Instruction[11],                            ;
;                                      ;                         ; InstructionMemory:InstructionMemory_test|Instruction[10],                            ;
;                                      ;                         ; InstructionMemory:InstructionMemory_test|Instruction[9],                             ;
;                                      ;                         ; InstructionMemory:InstructionMemory_test|Instruction[8],                             ;
;                                      ;                         ; InstructionMemory:InstructionMemory_test|Instruction[7],                             ;
;                                      ;                         ; InstructionMemory:InstructionMemory_test|Instruction[6],                             ;
;                                      ;                         ; InstructionMemory:InstructionMemory_test|Instruction[5],                             ;
;                                      ;                         ; InstructionMemory:InstructionMemory_test|Instruction[4],                             ;
;                                      ;                         ; InstructionMemory:InstructionMemory_test|Instruction[3],                             ;
;                                      ;                         ; InstructionMemory:InstructionMemory_test|Instruction[2],                             ;
;                                      ;                         ; InstructionMemory:InstructionMemory_test|Instruction[1],                             ;
;                                      ;                         ; InstructionMemory:InstructionMemory_test|Instruction[0],                             ;
;                                      ;                         ; IFID:IFID_test|instr_out[31],                                                        ;
;                                      ;                         ; InstructionMemory:InstructionMemory_test|Instruction[31],                            ;
;                                      ;                         ; IFID:IFID_test|instr_out[30],                                                        ;
;                                      ;                         ; InstructionMemory:InstructionMemory_test|Instruction[30],                            ;
;                                      ;                         ; IFID:IFID_test|instr_out[29],                                                        ;
;                                      ;                         ; InstructionMemory:InstructionMemory_test|Instruction[29],                            ;
;                                      ;                         ; IFID:IFID_test|instr_out[28],                                                        ;
;                                      ;                         ; InstructionMemory:InstructionMemory_test|Instruction[28],                            ;
;                                      ;                         ; IFID:IFID_test|instr_out[27],                                                        ;
;                                      ;                         ; InstructionMemory:InstructionMemory_test|Instruction[27],                            ;
;                                      ;                         ; IFID:IFID_test|instr_out[26],                                                        ;
;                                      ;                         ; InstructionMemory:InstructionMemory_test|Instruction[26],                            ;
;                                      ;                         ; IFID:IFID_test|instr_out[25],                                                        ;
;                                      ;                         ; InstructionMemory:InstructionMemory_test|Instruction[25],                            ;
;                                      ;                         ; IFID:IFID_test|instr_out[24],                                                        ;
;                                      ;                         ; InstructionMemory:InstructionMemory_test|Instruction[24],                            ;
;                                      ;                         ; IFID:IFID_test|instr_out[23],                                                        ;
;                                      ;                         ; InstructionMemory:InstructionMemory_test|Instruction[23],                            ;
;                                      ;                         ; IFID:IFID_test|instr_out[22],                                                        ;
;                                      ;                         ; InstructionMemory:InstructionMemory_test|Instruction[22],                            ;
;                                      ;                         ; IFID:IFID_test|instr_out[21],                                                        ;
;                                      ;                         ; InstructionMemory:InstructionMemory_test|Instruction[21],                            ;
;                                      ;                         ; IFID:IFID_test|instr_out[20],                                                        ;
;                                      ;                         ; InstructionMemory:InstructionMemory_test|Instruction[20],                            ;
;                                      ;                         ; IFID:IFID_test|instr_out[19],                                                        ;
;                                      ;                         ; InstructionMemory:InstructionMemory_test|Instruction[19],                            ;
;                                      ;                         ; IFID:IFID_test|instr_out[18],                                                        ;
;                                      ;                         ; InstructionMemory:InstructionMemory_test|Instruction[18],                            ;
;                                      ;                         ; IFID:IFID_test|instr_out[17],                                                        ;
;                                      ;                         ; InstructionMemory:InstructionMemory_test|Instruction[17],                            ;
;                                      ;                         ; IFID:IFID_test|instr_out[16],                                                        ;
;                                      ;                         ; InstructionMemory:InstructionMemory_test|Instruction[16],                            ;
;                                      ;                         ; HazardDetection:HazardDetection_test|Stall                                           ;
; MEMWB:MEMWB_test|MemData_out[31]     ; Stuck at GND            ; DataMemory:DataMemory_test|Data_out[31], EX_MEM:EX_MEM_test|MemWriteData_out[0],     ;
;                                      ; due to stuck port clear ; EX_MEM:EX_MEM_test|MemWriteData_out[1], EX_MEM:EX_MEM_test|MemWriteData_out[2],      ;
;                                      ;                         ; EX_MEM:EX_MEM_test|MemWriteData_out[3], EX_MEM:EX_MEM_test|MemWriteData_out[4],      ;
;                                      ;                         ; EX_MEM:EX_MEM_test|MemWriteData_out[5], EX_MEM:EX_MEM_test|MemWriteData_out[6],      ;
;                                      ;                         ; EX_MEM:EX_MEM_test|MemWriteData_out[7], EX_MEM:EX_MEM_test|MemWriteData_out[8],      ;
;                                      ;                         ; EX_MEM:EX_MEM_test|MemRead_out                                                       ;
; MEMWB:MEMWB_test|MemtoReg_out        ; Stuck at GND            ; EX_MEM:EX_MEM_test|MemtoReg_out, IFID:IFID_test|PC_4_out[31]                         ;
;                                      ; due to stuck port clear ;                                                                                      ;
; EX_MEM:EX_MEM_test|ALUData_out[31]   ; Stuck at GND            ; IFID:IFID_test|PC_4_out[30], IFID:IFID_test|PC_4_out[29]                             ;
;                                      ; due to stuck port clear ;                                                                                      ;
; MEMWB:MEMWB_test|MemData_out[29]     ; Stuck at GND            ; DataMemory:DataMemory_test|Data_out[29]                                              ;
;                                      ; due to stuck port clear ;                                                                                      ;
; MEMWB:MEMWB_test|MemData_out[28]     ; Stuck at GND            ; DataMemory:DataMemory_test|Data_out[28]                                              ;
;                                      ; due to stuck port clear ;                                                                                      ;
; MEMWB:MEMWB_test|MemData_out[27]     ; Stuck at GND            ; DataMemory:DataMemory_test|Data_out[27]                                              ;
;                                      ; due to stuck port clear ;                                                                                      ;
; MEMWB:MEMWB_test|MemData_out[26]     ; Stuck at GND            ; DataMemory:DataMemory_test|Data_out[26]                                              ;
;                                      ; due to stuck port clear ;                                                                                      ;
; MEMWB:MEMWB_test|MemData_out[25]     ; Stuck at GND            ; DataMemory:DataMemory_test|Data_out[25]                                              ;
;                                      ; due to stuck port clear ;                                                                                      ;
; MEMWB:MEMWB_test|MemData_out[24]     ; Stuck at GND            ; DataMemory:DataMemory_test|Data_out[24]                                              ;
;                                      ; due to stuck port clear ;                                                                                      ;
; MEMWB:MEMWB_test|MemData_out[23]     ; Stuck at GND            ; DataMemory:DataMemory_test|Data_out[23]                                              ;
;                                      ; due to stuck port clear ;                                                                                      ;
; MEMWB:MEMWB_test|MemData_out[22]     ; Stuck at GND            ; DataMemory:DataMemory_test|Data_out[22]                                              ;
;                                      ; due to stuck port clear ;                                                                                      ;
; MEMWB:MEMWB_test|MemData_out[21]     ; Stuck at GND            ; DataMemory:DataMemory_test|Data_out[21]                                              ;
;                                      ; due to stuck port clear ;                                                                                      ;
; MEMWB:MEMWB_test|MemData_out[20]     ; Stuck at GND            ; DataMemory:DataMemory_test|Data_out[20]                                              ;
;                                      ; due to stuck port clear ;                                                                                      ;
; MEMWB:MEMWB_test|MemData_out[19]     ; Stuck at GND            ; DataMemory:DataMemory_test|Data_out[19]                                              ;
;                                      ; due to stuck port clear ;                                                                                      ;
; MEMWB:MEMWB_test|MemData_out[18]     ; Stuck at GND            ; DataMemory:DataMemory_test|Data_out[18]                                              ;
;                                      ; due to stuck port clear ;                                                                                      ;
; MEMWB:MEMWB_test|MemData_out[17]     ; Stuck at GND            ; DataMemory:DataMemory_test|Data_out[17]                                              ;
;                                      ; due to stuck port clear ;                                                                                      ;
; MEMWB:MEMWB_test|MemData_out[16]     ; Stuck at GND            ; DataMemory:DataMemory_test|Data_out[16]                                              ;
;                                      ; due to stuck port clear ;                                                                                      ;
; MEMWB:MEMWB_test|MemData_out[15]     ; Stuck at GND            ; DataMemory:DataMemory_test|Data_out[15]                                              ;
;                                      ; due to stuck port clear ;                                                                                      ;
; MEMWB:MEMWB_test|MemData_out[14]     ; Stuck at GND            ; DataMemory:DataMemory_test|Data_out[14]                                              ;
;                                      ; due to stuck port clear ;                                                                                      ;
; MEMWB:MEMWB_test|MemData_out[13]     ; Stuck at GND            ; DataMemory:DataMemory_test|Data_out[13]                                              ;
;                                      ; due to stuck port clear ;                                                                                      ;
; MEMWB:MEMWB_test|MemData_out[12]     ; Stuck at GND            ; DataMemory:DataMemory_test|Data_out[12]                                              ;
;                                      ; due to stuck port clear ;                                                                                      ;
; MEMWB:MEMWB_test|MemData_out[11]     ; Stuck at GND            ; DataMemory:DataMemory_test|Data_out[11]                                              ;
;                                      ; due to stuck port clear ;                                                                                      ;
; MEMWB:MEMWB_test|MemData_out[10]     ; Stuck at GND            ; DataMemory:DataMemory_test|Data_out[10]                                              ;
;                                      ; due to stuck port clear ;                                                                                      ;
; MEMWB:MEMWB_test|MemData_out[9]      ; Stuck at GND            ; DataMemory:DataMemory_test|Data_out[9]                                               ;
;                                      ; due to stuck port clear ;                                                                                      ;
; MEMWB:MEMWB_test|MemData_out[8]      ; Stuck at GND            ; DataMemory:DataMemory_test|Data_out[8]                                               ;
;                                      ; due to stuck port clear ;                                                                                      ;
; MEMWB:MEMWB_test|MemData_out[7]      ; Stuck at GND            ; DataMemory:DataMemory_test|Data_out[7]                                               ;
;                                      ; due to stuck port clear ;                                                                                      ;
; MEMWB:MEMWB_test|MemData_out[6]      ; Stuck at GND            ; DataMemory:DataMemory_test|Data_out[6]                                               ;
;                                      ; due to stuck port clear ;                                                                                      ;
; MEMWB:MEMWB_test|MemData_out[5]      ; Stuck at GND            ; DataMemory:DataMemory_test|Data_out[5]                                               ;
;                                      ; due to stuck port clear ;                                                                                      ;
; MEMWB:MEMWB_test|MemData_out[4]      ; Stuck at GND            ; DataMemory:DataMemory_test|Data_out[4]                                               ;
;                                      ; due to stuck port clear ;                                                                                      ;
; MEMWB:MEMWB_test|MemData_out[3]      ; Stuck at GND            ; DataMemory:DataMemory_test|Data_out[3]                                               ;
;                                      ; due to stuck port clear ;                                                                                      ;
; MEMWB:MEMWB_test|MemData_out[2]      ; Stuck at GND            ; DataMemory:DataMemory_test|Data_out[2]                                               ;
;                                      ; due to stuck port clear ;                                                                                      ;
; MEMWB:MEMWB_test|MemData_out[1]      ; Stuck at GND            ; DataMemory:DataMemory_test|Data_out[1]                                               ;
;                                      ; due to stuck port clear ;                                                                                      ;
; MEMWB:MEMWB_test|MemData_out[0]      ; Stuck at GND            ; DataMemory:DataMemory_test|Data_out[0]                                               ;
;                                      ; due to stuck port clear ;                                                                                      ;
; EX_MEM:EX_MEM_test|MemWrite_out      ; Lost Fanouts            ; IDEX:IDEX|MemWrite_out                                                               ;
; EX_MEM:EX_MEM_test|WBregister_out[0] ; Stuck at GND            ; EX_MEM:EX_MEM_test|ALUData_out[28]                                                   ;
;                                      ; due to stuck port clear ;                                                                                      ;
; MEMWB:MEMWB_test|MemData_out[30]     ; Stuck at GND            ; DataMemory:DataMemory_test|Data_out[30]                                              ;
;                                      ; due to stuck port clear ;                                                                                      ;
; IDEX:IDEX|instr_Rd_addr_out[0]       ; Stuck at GND            ; IFID:IFID_test|instr_out[11]                                                         ;
;                                      ; due to stuck port clear ;                                                                                      ;
; IDEX:IDEX|RegWrite_out               ; Stuck at GND            ; HazardDetection:HazardDetection_test|Stall2                                          ;
;                                      ; due to stuck port clear ;                                                                                      ;
; IDEX:IDEX|Immediate_out[31]          ; Stuck at GND            ; IFID:IFID_test|instr_out[15]                                                         ;
;                                      ; due to stuck port clear ;                                                                                      ;
; IDEX:IDEX|Immediate_out[14]          ; Stuck at GND            ; IFID:IFID_test|instr_out[14]                                                         ;
;                                      ; due to stuck port clear ;                                                                                      ;
; IDEX:IDEX|Immediate_out[13]          ; Stuck at GND            ; IFID:IFID_test|instr_out[13]                                                         ;
;                                      ; due to stuck port clear ;                                                                                      ;
; IDEX:IDEX|Immediate_out[12]          ; Stuck at GND            ; IFID:IFID_test|instr_out[12]                                                         ;
;                                      ; due to stuck port clear ;                                                                                      ;
; IDEX:IDEX|Immediate_out[10]          ; Stuck at GND            ; IFID:IFID_test|instr_out[10]                                                         ;
;                                      ; due to stuck port clear ;                                                                                      ;
; IDEX:IDEX|Immediate_out[9]           ; Stuck at GND            ; IFID:IFID_test|instr_out[9]                                                          ;
;                                      ; due to stuck port clear ;                                                                                      ;
; IDEX:IDEX|Immediate_out[8]           ; Stuck at GND            ; IFID:IFID_test|instr_out[8]                                                          ;
;                                      ; due to stuck port clear ;                                                                                      ;
; IDEX:IDEX|Immediate_out[7]           ; Stuck at GND            ; IFID:IFID_test|instr_out[7]                                                          ;
;                                      ; due to stuck port clear ;                                                                                      ;
; IDEX:IDEX|Immediate_out[6]           ; Stuck at GND            ; IFID:IFID_test|instr_out[6]                                                          ;
;                                      ; due to stuck port clear ;                                                                                      ;
; IDEX:IDEX|Immediate_out[5]           ; Stuck at GND            ; IFID:IFID_test|instr_out[5]                                                          ;
;                                      ; due to stuck port clear ;                                                                                      ;
; IDEX:IDEX|Immediate_out[4]           ; Stuck at GND            ; IFID:IFID_test|instr_out[4]                                                          ;
;                                      ; due to stuck port clear ;                                                                                      ;
; IDEX:IDEX|Immediate_out[3]           ; Stuck at GND            ; IFID:IFID_test|instr_out[3]                                                          ;
;                                      ; due to stuck port clear ;                                                                                      ;
; IDEX:IDEX|Immediate_out[2]           ; Stuck at GND            ; IFID:IFID_test|instr_out[2]                                                          ;
;                                      ; due to stuck port clear ;                                                                                      ;
; IDEX:IDEX|Immediate_out[1]           ; Stuck at GND            ; IFID:IFID_test|instr_out[1]                                                          ;
;                                      ; due to stuck port clear ;                                                                                      ;
; IDEX:IDEX|Immediate_out[0]           ; Stuck at GND            ; IFID:IFID_test|instr_out[0]                                                          ;
;                                      ; due to stuck port clear ;                                                                                      ;
+--------------------------------------+-------------------------+--------------------------------------------------------------------------------------+


+------------------------------------------------------+
; General Register Statistics                          ;
+----------------------------------------------+-------+
; Statistic                                    ; Value ;
+----------------------------------------------+-------+
; Total registers                              ; 33    ;
; Number of registers using Synchronous Clear  ; 0     ;
; Number of registers using Synchronous Load   ; 0     ;
; Number of registers using Asynchronous Clear ; 0     ;
; Number of registers using Asynchronous Load  ; 0     ;
; Number of registers using Clock Enable       ; 0     ;
; Number of registers using Preset             ; 0     ;
+----------------------------------------------+-------+


+-----------------------------------------------------------------------------------------------------------------------+
; Port Connectivity Checks: "Forwarding:Forwarding_test"                                                                ;
+-------------+--------+----------+-------------------------------------------------------------------------------------+
; Port        ; Type   ; Severity ; Details                                                                             ;
+-------------+--------+----------+-------------------------------------------------------------------------------------+
; ForwardA_EQ ; Output ; Info     ; Connected to dangling logic. Logic that only feeds a dangling port will be removed. ;
; ForwardB_EQ ; Output ; Info     ; Connected to dangling logic. Logic that only feeds a dangling port will be removed. ;
+-------------+--------+----------+-------------------------------------------------------------------------------------+


+-----------------------------------------------+
; Port Connectivity Checks: "Add:PC_Add_Offset" ;
+-------------+-------+----------+--------------+
; Port        ; Type  ; Severity ; Details      ;
+-------------+-------+----------+--------------+
; Data2[1..0] ; Input ; Info     ; Stuck at GND ;
+-------------+-------+----------+--------------+


+------------------------------------------------+
; Port Connectivity Checks: "Add:Add_test"       ;
+--------------+-------+----------+--------------+
; Port         ; Type  ; Severity ; Details      ;
+--------------+-------+----------+--------------+
; Data2[31..3] ; Input ; Info     ; Stuck at GND ;
; Data2[1..0]  ; Input ; Info     ; Stuck at GND ;
; Data2[2]     ; Input ; Info     ; Stuck at VCC ;
+--------------+-------+----------+--------------+


+----------------------------------------------------------------------------------------------------------------+
; Port Connectivity Checks: "ALU:ALU_test"                                                                       ;
+------+--------+----------+-------------------------------------------------------------------------------------+
; Port ; Type   ; Severity ; Details                                                                             ;
+------+--------+----------+-------------------------------------------------------------------------------------+
; Zero ; Output ; Info     ; Connected to dangling logic. Logic that only feeds a dangling port will be removed. ;
+------+--------+----------+-------------------------------------------------------------------------------------+


+------------------------------------------------+
; Port Connectivity Checks: "MUX10:ControlStall" ;
+-------+-------+----------+---------------------+
; Port  ; Type  ; Severity ; Details             ;
+-------+-------+----------+---------------------+
; Data1 ; Input ; Info     ; Stuck at GND        ;
+-------+-------+----------+---------------------+


+-------------------------------+
; Elapsed Time Per Partition    ;
+----------------+--------------+
; Partition Name ; Elapsed Time ;
+----------------+--------------+
; Top            ; 00:00:00     ;
+----------------+--------------+


+-------------------------------+
; Analysis & Synthesis Messages ;
+-------------------------------+
Info: *******************************************************************
Info: Running Quartus II 64-Bit Analysis & Synthesis
    Info: Version 13.0.0 Build 156 04/24/2013 SJ Web Edition
    Info: Processing started: Mon Oct 29 13:08:27 2018
Info: Command: quartus_map --read_settings_files=on --write_settings_files=off mipsP -c main
Warning (20028): Parallel compilation is not licensed and has been disabled
Info (12021): Found 22 design units, including 22 entities, in source file mipsp.v
    Info (12023): Found entity 1: main
    Info (12023): Found entity 2: divisorFrequencia
    Info (12023): Found entity 3: Control
    Info (12023): Found entity 4: ALU
    Info (12023): Found entity 5: Add
    Info (12023): Found entity 6: ALUcontrol
    Info (12023): Found entity 7: DataMemory
    Info (12023): Found entity 8: AndPort
    Info (12023): Found entity 9: MUX2x32
    Info (12023): Found entity 10: MUX3x32
    Info (12023): Found entity 11: MUX5
    Info (12023): Found entity 12: MUX10
    Info (12023): Found entity 13: PC
    Info (12023): Found entity 14: Registers
    Info (12023): Found entity 15: SignedExtend
    Info (12023): Found entity 16: InstructionMemory
    Info (12023): Found entity 17: EX_MEM
    Info (12023): Found entity 18: Forwarding
    Info (12023): Found entity 19: HazardDetection
    Info (12023): Found entity 20: IDEX
    Info (12023): Found entity 21: IFID
    Info (12023): Found entity 22: MEMWB
Info (12127): Elaborating entity "main" for the top level hierarchy
Warning (10858): Verilog HDL warning at mipsP.v(5): object PCWrite used but never assigned
Warning (10230): Verilog HDL assignment warning at mipsP.v(23): truncated value with size 2 to match size of target (1)
Warning (10230): Verilog HDL assignment warning at mipsP.v(30): truncated value with size 32 to match size of target (1)
Warning (10030): Net "PCWrite" at mipsP.v(5) has no driver or initial value, using a default initial value '0'
Info (12128): Elaborating entity "divisorFrequencia" for hierarchy "divisorFrequencia:divisorFrequencia"
Info (12128): Elaborating entity "MUX2x32" for hierarchy "MUX2x32:MUXBranch"
Info (12128): Elaborating entity "MUX10" for hierarchy "MUX10:ControlStall"
Info (12128): Elaborating entity "MUX3x32" for hierarchy "MUX3x32:MUX1EQ"
Info (12128): Elaborating entity "MUX5" for hierarchy "MUX5:MUXRegDst"
Info (12128): Elaborating entity "ALUcontrol" for hierarchy "ALUcontrol:ALUcontrol_test"
Warning (10270): Verilog HDL Case Statement warning at mipsP.v(219): incomplete case statement has no default case item
Warning (10270): Verilog HDL Case Statement warning at mipsP.v(209): incomplete case statement has no default case item
Warning (10240): Verilog HDL Always Construct warning at mipsP.v(208): inferring latch(es) for variable "ALUcontrol", which holds its previous value in one or more paths through the always construct
Info (10041): Inferred latch for "ALUcontrol[0]" at mipsP.v(208)
Info (10041): Inferred latch for "ALUcontrol[1]" at mipsP.v(208)
Info (10041): Inferred latch for "ALUcontrol[2]" at mipsP.v(208)
Info (12128): Elaborating entity "ALU" for hierarchy "ALU:ALU_test"
Warning (10240): Verilog HDL Always Construct warning at mipsP.v(138): inferring latch(es) for variable "Data", which holds its previous value in one or more paths through the always construct
Warning (10240): Verilog HDL Always Construct warning at mipsP.v(138): inferring latch(es) for variable "Zero", which holds its previous value in one or more paths through the always construct
Info (10041): Inferred latch for "Data[0]" at mipsP.v(175)
Info (10041): Inferred latch for "Data[1]" at mipsP.v(175)
Info (10041): Inferred latch for "Data[2]" at mipsP.v(175)
Info (10041): Inferred latch for "Data[3]" at mipsP.v(175)
Info (10041): Inferred latch for "Data[4]" at mipsP.v(175)
Info (10041): Inferred latch for "Data[5]" at mipsP.v(175)
Info (10041): Inferred latch for "Data[6]" at mipsP.v(175)
Info (10041): Inferred latch for "Data[7]" at mipsP.v(175)
Info (10041): Inferred latch for "Data[8]" at mipsP.v(175)
Info (10041): Inferred latch for "Data[9]" at mipsP.v(175)
Info (10041): Inferred latch for "Data[10]" at mipsP.v(175)
Info (10041): Inferred latch for "Data[11]" at mipsP.v(175)
Info (10041): Inferred latch for "Data[12]" at mipsP.v(175)
Info (10041): Inferred latch for "Data[13]" at mipsP.v(175)
Info (10041): Inferred latch for "Data[14]" at mipsP.v(175)
Info (10041): Inferred latch for "Data[15]" at mipsP.v(175)
Info (10041): Inferred latch for "Data[16]" at mipsP.v(175)
Info (10041): Inferred latch for "Data[17]" at mipsP.v(175)
Info (10041): Inferred latch for "Data[18]" at mipsP.v(175)
Info (10041): Inferred latch for "Data[19]" at mipsP.v(175)
Info (10041): Inferred latch for "Data[20]" at mipsP.v(175)
Info (10041): Inferred latch for "Data[21]" at mipsP.v(175)
Info (10041): Inferred latch for "Data[22]" at mipsP.v(175)
Info (10041): Inferred latch for "Data[23]" at mipsP.v(175)
Info (10041): Inferred latch for "Data[24]" at mipsP.v(175)
Info (10041): Inferred latch for "Data[25]" at mipsP.v(175)
Info (10041): Inferred latch for "Data[26]" at mipsP.v(175)
Info (10041): Inferred latch for "Data[27]" at mipsP.v(175)
Info (10041): Inferred latch for "Data[28]" at mipsP.v(175)
Info (10041): Inferred latch for "Data[29]" at mipsP.v(175)
Info (10041): Inferred latch for "Data[30]" at mipsP.v(175)
Info (10041): Inferred latch for "Data[31]" at mipsP.v(175)
Info (10041): Inferred latch for "Zero" at mipsP.v(166)
Info (12128): Elaborating entity "Add" for hierarchy "Add:Add_test"
Info (12128): Elaborating entity "AndPort" for hierarchy "AndPort:And_test"
Warning (10230): Verilog HDL assignment warning at mipsP.v(278): truncated value with size 32 to match size of target (1)
Info (12128): Elaborating entity "Control" for hierarchy "Control:Control_test"
Warning (10270): Verilog HDL Case Statement warning at mipsP.v(112): incomplete case statement has no default case item
Warning (10240): Verilog HDL Always Construct warning at mipsP.v(111): inferring latch(es) for variable "out", which holds its previous value in one or more paths through the always construct
Info (10041): Inferred latch for "out[0]" at mipsP.v(111)
Info (10041): Inferred latch for "out[1]" at mipsP.v(111)
Info (10041): Inferred latch for "out[2]" at mipsP.v(111)
Info (10041): Inferred latch for "out[3]" at mipsP.v(111)
Info (10041): Inferred latch for "out[4]" at mipsP.v(111)
Info (10041): Inferred latch for "out[5]" at mipsP.v(111)
Info (10041): Inferred latch for "out[6]" at mipsP.v(111)
Info (10041): Inferred latch for "out[7]" at mipsP.v(111)
Info (10041): Inferred latch for "out[8]" at mipsP.v(111)
Info (10041): Inferred latch for "out[9]" at mipsP.v(111)
Info (12128): Elaborating entity "DataMemory" for hierarchy "DataMemory:DataMemory_test"
Info (12128): Elaborating entity "InstructionMemory" for hierarchy "InstructionMemory:InstructionMemory_test"
Warning (10030): Net "Memory.data_a" at mipsP.v(388) has no driver or initial value, using a default initial value '0'
Warning (10030): Net "Memory.waddr_a" at mipsP.v(388) has no driver or initial value, using a default initial value '0'
Warning (10030): Net "Memory.we_a" at mipsP.v(388) has no driver or initial value, using a default initial value '0'
Info (12128): Elaborating entity "IFID" for hierarchy "IFID:IFID_test"
Info (12128): Elaborating entity "Registers" for hierarchy "Registers:Registers_test"
Info (12128): Elaborating entity "SignedExtend" for hierarchy "SignedExtend:SignedExtend_test"
Info (12128): Elaborating entity "Forwarding" for hierarchy "Forwarding:Forwarding_test"
Warning (10235): Verilog HDL Always Construct warning at mipsP.v(479): variable "Branch" is read inside the Always Construct but isn't in the Always Construct's Event Control
Warning (10240): Verilog HDL Always Construct warning at mipsP.v(466): inferring latch(es) for variable "ForwardA_EQ", which holds its previous value in one or more paths through the always construct
Warning (10240): Verilog HDL Always Construct warning at mipsP.v(466): inferring latch(es) for variable "ForwardB_EQ", which holds its previous value in one or more paths through the always construct
Info (10041): Inferred latch for "ForwardB_EQ[0]" at mipsP.v(466)
Info (10041): Inferred latch for "ForwardB_EQ[1]" at mipsP.v(466)
Info (10041): Inferred latch for "ForwardA_EQ[0]" at mipsP.v(466)
Info (10041): Inferred latch for "ForwardA_EQ[1]" at mipsP.v(466)
Info (12128): Elaborating entity "HazardDetection" for hierarchy "HazardDetection:HazardDetection_test"
Info (12128): Elaborating entity "PC" for hierarchy "PC:PC"
Info (12128): Elaborating entity "IDEX" for hierarchy "IDEX:IDEX"
Info (12128): Elaborating entity "EX_MEM" for hierarchy "EX_MEM:EX_MEM_test"
Info (12128): Elaborating entity "MEMWB" for hierarchy "MEMWB:MEMWB_test"
Warning (12011): Net is missing source, defaulting to GND
    Warning (12110): Net "reset_n" is missing source, defaulting to GND
Warning (12011): Net is missing source, defaulting to GND
    Warning (12110): Net "reset_n" is missing source, defaulting to GND
Warning (12011): Net is missing source, defaulting to GND
    Warning (12110): Net "reset_n" is missing source, defaulting to GND
Warning (12011): Net is missing source, defaulting to GND
    Warning (12110): Net "reset_n" is missing source, defaulting to GND
Warning (12011): Net is missing source, defaulting to GND
    Warning (12110): Net "reset_n" is missing source, defaulting to GND
Warning (12011): Net is missing source, defaulting to GND
    Warning (12110): Net "reset_n" is missing source, defaulting to GND
Warning (12011): Net is missing source, defaulting to GND
    Warning (12110): Net "reset_n" is missing source, defaulting to GND
Warning (12011): Net is missing source, defaulting to GND
    Warning (12110): Net "reset_n" is missing source, defaulting to GND
Warning (12011): Net is missing source, defaulting to GND
    Warning (12110): Net "reset_n" is missing source, defaulting to GND
Warning (12011): Net is missing source, defaulting to GND
    Warning (12110): Net "reset_n" is missing source, defaulting to GND
Warning (12011): Net is missing source, defaulting to GND
    Warning (12110): Net "reset_n" is missing source, defaulting to GND
Warning (12011): Net is missing source, defaulting to GND
    Warning (12110): Net "reset_n" is missing source, defaulting to GND
Warning (12011): Net is missing source, defaulting to GND
    Warning (12110): Net "reset_n" is missing source, defaulting to GND
Warning (12011): Net is missing source, defaulting to GND
    Warning (12110): Net "reset_n" is missing source, defaulting to GND
Warning (12011): Net is missing source, defaulting to GND
    Warning (12110): Net "reset_n" is missing source, defaulting to GND
Warning (12011): Net is missing source, defaulting to GND
    Warning (12110): Net "reset_n" is missing source, defaulting to GND
Warning (12011): Net is missing source, defaulting to GND
    Warning (12110): Net "reset_n" is missing source, defaulting to GND
Warning (12011): Net is missing source, defaulting to GND
    Warning (12110): Net "reset_n" is missing source, defaulting to GND
Warning (12011): Net is missing source, defaulting to GND
    Warning (12110): Net "reset_n" is missing source, defaulting to GND
Warning (13024): Output pins are stuck at VCC or GND
    Warning (13410): Pin "led[0]" is stuck at GND
    Warning (13410): Pin "led[1]" is stuck at GND
    Warning (13410): Pin "led[2]" is stuck at GND
    Warning (13410): Pin "led[3]" is stuck at GND
    Warning (13410): Pin "led[4]" is stuck at GND
    Warning (13410): Pin "led[5]" is stuck at VCC
    Warning (13410): Pin "led[6]" is stuck at GND
    Warning (13410): Pin "led[7]" is stuck at GND
    Warning (13410): Pin "led[8]" is stuck at GND
    Warning (13410): Pin "led[10]" is stuck at GND
Info (286030): Timing-Driven Synthesis is running
Info (17049): 150 registers lost all their fanouts during netlist optimizations.
Info (144001): Generated suppressed messages file C:/Users/Luis Carlos/Desktop/ViniciusFurlan-1785-AntonioAlmeida-2632/output_files/main.map.smsg
Info (16010): Generating hard_block partition "hard_block:auto_generated_inst"
    Info (16011): Adding 0 node(s), including 0 DDIO, 0 PLL, 0 transceiver and 0 LCELL
Info (21057): Implemented 88 device resources after synthesis - the final resource count might be different
    Info (21058): Implemented 1 input pins
    Info (21059): Implemented 11 output pins
    Info (21061): Implemented 76 logic cells
Info: Quartus II 64-Bit Analysis & Synthesis was successful. 0 errors, 68 warnings
    Info: Peak virtual memory: 4625 megabytes
    Info: Processing ended: Mon Oct 29 13:08:29 2018
    Info: Elapsed time: 00:00:02
    Info: Total CPU time (on all processors): 00:00:02


+------------------------------------------+
; Analysis & Synthesis Suppressed Messages ;
+------------------------------------------+
The suppressed messages can be found in C:/Users/Luis Carlos/Desktop/ViniciusFurlan-1785-AntonioAlmeida-2632/output_files/main.map.smsg.


